<?xml version="1.0" encoding="UTF-8"?>
<!-- Generated by org.testng.reporters.JUnitReportReporter -->
<testsuite hostname="LAPTOP-FS6UVJRH" failures="0" tests="2" name="com.mystore.testcases.IndexPageTest" time="19.233" errors="0" timestamp="2023-08-09T15:34:31 PST" skipped="0">
  <testcase classname="com.mystore.testcases.IndexPageTest" name="verifyLogo" time="11.944"/>
  <testcase classname="com.mystore.testcases.IndexPageTest" name="verifyTitle" time="7.289"/>
</testsuite> <!-- com.mystore.testcases.IndexPageTest -->
