<?xml version="1.0" encoding="UTF-8"?>
<!-- Generated by org.testng.reporters.JUnitReportReporter -->
<testsuite hostname="LAPTOP-FS6UVJRH" failures="0" tests="2" name="com.mystore.testcases.IndexPageTest" time="10.089" errors="0" timestamp="2023-08-08T17:55:44 PST" skipped="0">
  <testcase classname="com.mystore.testcases.IndexPageTest" name="verifyLogo" time="5.124"/>
  <testcase classname="com.mystore.testcases.IndexPageTest" name="verifyTitle" time="4.965"/>
</testsuite> <!-- com.mystore.testcases.IndexPageTest -->
